# JRE version: Java(TM) SE Runtime Environment (8.0_71-b15) (build 1.8.0_71-b15)
# Java VM: Java HotSpot(TM) 64-Bit Server VM (25.71-b15 mixed mode bsd-amd64 compressed oops)
Heap:
 PSYoungGen      total 275456K, used 157673K [0x0000000795580000, 0x00000007a9180000, 0x00000007c0000000)
  eden space 254976K, 53% used [0x0000000795580000,0x000000079db7d6b8,0x00000007a4e80000)
  from space 20480K, 99% used [0x00000007a6b80000,0x00000007a7f7cea8,0x00000007a7f80000)
  to   space 29696K, 0% used [0x00000007a4e80000,0x00000007a4e80000,0x00000007a6b80000)
 ParOldGen       total 87552K, used 59234K [0x0000000740000000, 0x0000000745580000, 0x0000000795580000)
  object space 87552K, 67% used [0x0000000740000000,0x00000007439d8870,0x0000000745580000)
 Metaspace       used 19575K, capacity 19787K, committed 19840K, reserved 1067008K
  class space    used 1869K, capacity 1918K, committed 1920K, reserved 1048576K
GC Heap History (10 events):
Event: 7.808 GC heap before
{Heap before GC invocations=4 (full 0):
 PSYoungGen      total 38400K, used 38371K [0x0000000795580000, 0x000000079a080000, 0x00000007c0000000)
  eden space 33280K, 100% used [0x0000000795580000,0x0000000797600000,0x0000000797600000)
  from space 5120K, 99% used [0x0000000797600000,0x0000000797af8cb0,0x0000000797b00000)
  to   space 5120K, 0% used [0x0000000799b80000,0x0000000799b80000,0x000000079a080000)
 ParOldGen       total 87552K, used 14731K [0x0000000740000000, 0x0000000745580000, 0x0000000795580000)
  object space 87552K, 16% used [0x0000000740000000,0x0000000740e62fe8,0x0000000745580000)
 Metaspace       used 18602K, capacity 18763K, committed 18816K, reserved 1067008K
  class space    used 1861K, capacity 1918K, committed 1920K, reserved 1048576K
Event: 7.824 GC heap after
Heap after GC invocations=4 (full 0):
 PSYoungGen      total 71680K, used 5091K [0x0000000795580000, 0x000000079a080000, 0x00000007c0000000)
  eden space 66560K, 0% used [0x0000000795580000,0x0000000795580000,0x0000000799680000)
  from space 5120K, 99% used [0x0000000799b80000,0x000000079a078cb0,0x000000079a080000)
  to   space 5120K, 0% used [0x0000000799680000,0x0000000799680000,0x0000000799b80000)
 ParOldGen       total 87552K, used 19724K [0x0000000740000000, 0x0000000745580000, 0x0000000795580000)
  object space 87552K, 22% used [0x0000000740000000,0x0000000741343138,0x0000000745580000)
 Metaspace       used 18602K, capacity 18763K, committed 18816K, reserved 1067008K
  class space    used 1861K, capacity 1918K, committed 1920K, reserved 1048576K
}
Event: 11.662 GC heap before
{Heap before GC invocations=5 (full 0):
 PSYoungGen      total 71680K, used 71651K [0x0000000795580000, 0x000000079a080000, 0x00000007c0000000)
  eden space 66560K, 100% used [0x0000000795580000,0x0000000799680000,0x0000000799680000)
  from space 5120K, 99% used [0x0000000799b80000,0x000000079a078cb0,0x000000079a080000)
  to   space 5120K, 0% used [0x0000000799680000,0x0000000799680000,0x0000000799b80000)
 ParOldGen       total 87552K, used 19724K [0x0000000740000000, 0x0000000745580000, 0x0000000795580000)
  object space 87552K, 22% used [0x0000000740000000,0x0000000741343138,0x0000000745580000)
 Metaspace       used 18890K, capacity 19083K, committed 19328K, reserved 1067008K
  class space    used 1862K, capacity 1918K, committed 1920K, reserved 1048576K
Event: 11.699 GC heap after
Heap after GC invocations=5 (full 0):
 PSYoungGen      total 71680K, used 5107K [0x0000000795580000, 0x000000079f880000, 0x00000007c0000000)
  eden space 66560K, 0% used [0x0000000795580000,0x0000000795580000,0x0000000799680000)
  from space 5120K, 99% used [0x0000000799680000,0x0000000799b7cca0,0x0000000799b80000)
  to   space 16896K, 0% used [0x000000079e800000,0x000000079e800000,0x000000079f880000)
 ParOldGen       total 87552K, used 28556K [0x0000000740000000, 0x0000000745580000, 0x0000000795580000)
  object space 87552K, 32% used [0x0000000740000000,0x0000000741be33b8,0x0000000745580000)
 Metaspace       used 18890K, capacity 19083K, committed 19328K, reserved 1067008K
  class space    used 1862K, capacity 1918K, committed 1920K, reserved 1048576K
}
Event: 13.790 GC heap before
{Heap before GC invocations=6 (full 0):
 PSYoungGen      total 71680K, used 71540K [0x0000000795580000, 0x000000079f880000, 0x00000007c0000000)
  eden space 66560K, 99% used [0x0000000795580000,0x0000000799660428,0x0000000799680000)
  from space 5120K, 99% used [0x0000000799680000,0x0000000799b7cca0,0x0000000799b80000)
  to   space 16896K, 0% used [0x000000079e800000,0x000000079e800000,0x000000079f880000)
 ParOldGen       total 87552K, used 28556K [0x0000000740000000, 0x0000000745580000, 0x0000000795580000)
  object space 87552K, 32% used [0x0000000740000000,0x0000000741be33b8,0x0000000745580000)
 Metaspace       used 19065K, capacity 19211K, committed 19328K, reserved 1067008K
  class space    used 1862K, capacity 1918K, committed 1920K, reserved 1048576K
Event: 13.815 GC heap after
Heap after GC invocations=6 (full 0):
 PSYoungGen      total 148992K, used 14931K [0x0000000795580000, 0x000000079fa80000, 0x00000007c0000000)
  eden space 132096K, 0% used [0x0000000795580000,0x0000000795580000,0x000000079d680000)
  from space 16896K, 88% used [0x000000079e800000,0x000000079f694f20,0x000000079f880000)
  to   space 17920K, 0% used [0x000000079d680000,0x000000079d680000,0x000000079e800000)
 ParOldGen       total 87552K, used 28564K [0x0000000740000000, 0x0000000745580000, 0x0000000795580000)
  object space 87552K, 32% used [0x0000000740000000,0x0000000741be53b8,0x0000000745580000)
 Metaspace       used 19065K, capacity 19211K, committed 19328K, reserved 1067008K
  class space    used 1862K, capacity 1918K, committed 1920K, reserved 1048576K
}
Event: 16.815 GC heap before
{Heap before GC invocations=7 (full 0):
 PSYoungGen      total 148992K, used 147027K [0x0000000795580000, 0x000000079fa80000, 0x00000007c0000000)
  eden space 132096K, 100% used [0x0000000795580000,0x000000079d680000,0x000000079d680000)
  from space 16896K, 88% used [0x000000079e800000,0x000000079f694f20,0x000000079f880000)
  to   space 17920K, 0% used [0x000000079d680000,0x000000079d680000,0x000000079e800000)
 ParOldGen       total 87552K, used 28564K [0x0000000740000000, 0x0000000745580000, 0x0000000795580000)
  object space 87552K, 32% used [0x0000000740000000,0x0000000741be53b8,0x0000000745580000)
 Metaspace       used 19212K, capacity 19403K, committed 19584K, reserved 1067008K
  class space    used 1862K, capacity 1918K, committed 1920K, reserved 1048576K
Event: 16.862 GC heap after
Heap after GC invocations=7 (full 0):
 PSYoungGen      total 150016K, used 17889K [0x0000000795580000, 0x00000007a7f80000, 0x00000007c0000000)
  eden space 132096K, 0% used [0x0000000795580000,0x0000000795580000,0x000000079d680000)
  from space 17920K, 99% used [0x000000079d680000,0x000000079e7f8450,0x000000079e800000)
  to   space 20480K, 0% used [0x00000007a6b80000,0x00000007a6b80000,0x00000007a7f80000)
 ParOldGen       total 87552K, used 44065K [0x0000000740000000, 0x0000000745580000, 0x0000000795580000)
  object space 87552K, 50% used [0x0000000740000000,0x0000000742b084c0,0x0000000745580000)
 Metaspace       used 19212K, capacity 19403K, committed 19584K, reserved 1067008K
  class space    used 1862K, capacity 1918K, committed 1920K, reserved 1048576K
}
Event: 20.761 GC heap before
{Heap before GC invocations=8 (full 0):
 PSYoungGen      total 150016K, used 149866K [0x0000000795580000, 0x00000007a7f80000, 0x00000007c0000000)
  eden space 132096K, 99% used [0x0000000795580000,0x000000079d662460,0x000000079d680000)
  from space 17920K, 99% used [0x000000079d680000,0x000000079e7f8450,0x000000079e800000)
  to   space 20480K, 0% used [0x00000007a6b80000,0x00000007a6b80000,0x00000007a7f80000)
 ParOldGen       total 87552K, used 44065K [0x0000000740000000, 0x0000000745580000, 0x0000000795580000)
  object space 87552K, 50% used [0x0000000740000000,0x0000000742b084c0,0x0000000745580000)
 Metaspace       used 19356K, capacity 19531K, committed 19584K, reserved 1067008K
  class space    used 1862K, capacity 1918K, committed 1920K, reserved 1048576K
Event: 20.803 GC heap after
Heap after GC invocations=8 (full 0):
 PSYoungGen      total 275456K, used 20467K [0x0000000795580000, 0x00000007a9180000, 0x00000007c0000000)
  eden space 254976K, 0% used [0x0000000795580000,0x0000000795580000,0x00000007a4e80000)
  from space 20480K, 99% used [0x00000007a6b80000,0x00000007a7f7cea8,0x00000007a7f80000)
  to   space 29696K, 0% used [0x00000007a4e80000,0x00000007a4e80000,0x00000007a6b80000)
 ParOldGen       total 87552K, used 59234K [0x0000000740000000, 0x0000000745580000, 0x0000000795580000)
  object space 87552K, 67% used [0x0000000740000000,0x00000007439d8870,0x0000000745580000)
 Metaspace       used 19356K, capacity 19531K, committed 19584K, reserved 1067008K
  class space    used 1862K, capacity 1918K, committed 1920K, reserved 1048576K
}

