# JRE version: Java(TM) SE Runtime Environment (8.0_71-b15) (build 1.8.0_71-b15)
# Java VM: Java HotSpot(TM) 64-Bit Server VM (25.71-b15 mixed mode bsd-amd64 compressed oops)
Heap:
 PSYoungGen      total 372736K, used 17310K [0x0000000795580000, 0x00000007beb00000, 0x00000007c0000000)
  eden space 370176K, 4% used [0x0000000795580000,0x00000007963f7a90,0x00000007abf00000)
  from space 2560K, 97% used [0x00000007be880000,0x00000007beaf0090,0x00000007beb00000)
  to   space 10752K, 0% used [0x00000007bd600000,0x00000007bd600000,0x00000007be080000)
 ParOldGen       total 87552K, used 26697K [0x0000000740000000, 0x0000000745580000, 0x0000000795580000)
  object space 87552K, 30% used [0x0000000740000000,0x0000000741a12540,0x0000000745580000)
 Metaspace       used 19487K, capacity 19755K, committed 19968K, reserved 1067008K
  class space    used 1924K, capacity 2016K, committed 2048K, reserved 1048576K
GC Heap History (10 events):
Event: 10.353 GC heap before
{Heap before GC invocations=10 (full 0):
 PSYoungGen      total 278528K, used 265824K [0x0000000795580000, 0x00000007b0e00000, 0x00000007c0000000)
  eden space 265728K, 100% used [0x0000000795580000,0x00000007a5900000,0x00000007a5900000)
  from space 12800K, 0% used [0x00000007a5900000,0x00000007a5918000,0x00000007a6580000)
  to   space 12800K, 0% used [0x00000007b0180000,0x00000007b0180000,0x00000007b0e00000)
 ParOldGen       total 87552K, used 15464K [0x0000000740000000, 0x0000000745580000, 0x0000000795580000)
  object space 87552K, 17% used [0x0000000740000000,0x0000000740f1a220,0x0000000745580000)
 Metaspace       used 19223K, capacity 19403K, committed 19712K, reserved 1067008K
  class space    used 1916K, capacity 1984K, committed 2048K, reserved 1048576K
Event: 10.355 GC heap after
Heap after GC invocations=10 (full 0):
 PSYoungGen      total 438272K, used 384K [0x0000000795580000, 0x00000007b0e00000, 0x00000007c0000000)
  eden space 425472K, 0% used [0x0000000795580000,0x0000000795580000,0x00000007af500000)
  from space 12800K, 3% used [0x00000007b0180000,0x00000007b01e0010,0x00000007b0e00000)
  to   space 12800K, 0% used [0x00000007af500000,0x00000007af500000,0x00000007b0180000)
 ParOldGen       total 87552K, used 15480K [0x0000000740000000, 0x0000000745580000, 0x0000000795580000)
  object space 87552K, 17% used [0x0000000740000000,0x0000000740f1e220,0x0000000745580000)
 Metaspace       used 19223K, capacity 19403K, committed 19712K, reserved 1067008K
  class space    used 1916K, capacity 1984K, committed 2048K, reserved 1048576K
}
Event: 12.229 GC heap before
{Heap before GC invocations=11 (full 0):
 PSYoungGen      total 438272K, used 425856K [0x0000000795580000, 0x00000007b0e00000, 0x00000007c0000000)
  eden space 425472K, 100% used [0x0000000795580000,0x00000007af500000,0x00000007af500000)
  from space 12800K, 3% used [0x00000007b0180000,0x00000007b01e0010,0x00000007b0e00000)
  to   space 12800K, 0% used [0x00000007af500000,0x00000007af500000,0x00000007b0180000)
 ParOldGen       total 87552K, used 15480K [0x0000000740000000, 0x0000000745580000, 0x0000000795580000)
  object space 87552K, 17% used [0x0000000740000000,0x0000000740f1e220,0x0000000745580000)
 Metaspace       used 19304K, capacity 19531K, committed 19712K, reserved 1067008K
  class space    used 1916K, capacity 1984K, committed 2048K, reserved 1048576K
Event: 12.237 GC heap after
Heap after GC invocations=11 (full 0):
 PSYoungGen      total 438272K, used 5120K [0x0000000795580000, 0x00000007bff00000, 0x00000007c0000000)
  eden space 425472K, 0% used [0x0000000795580000,0x0000000795580000,0x00000007af500000)
  from space 12800K, 40% used [0x00000007af500000,0x00000007afa00150,0x00000007b0180000)
  to   space 12288K, 0% used [0x00000007bf300000,0x00000007bf300000,0x00000007bff00000)
 ParOldGen       total 87552K, used 15512K [0x0000000740000000, 0x0000000745580000, 0x0000000795580000)
  object space 87552K, 17% used [0x0000000740000000,0x0000000740f26220,0x0000000745580000)
 Metaspace       used 19304K, capacity 19531K, committed 19712K, reserved 1067008K
  class space    used 1916K, capacity 1984K, committed 2048K, reserved 1048576K
}
Event: 14.076 GC heap before
{Heap before GC invocations=12 (full 0):
 PSYoungGen      total 438272K, used 430592K [0x0000000795580000, 0x00000007bff00000, 0x00000007c0000000)
  eden space 425472K, 100% used [0x0000000795580000,0x00000007af500000,0x00000007af500000)
  from space 12800K, 40% used [0x00000007af500000,0x00000007afa00150,0x00000007b0180000)
  to   space 12288K, 0% used [0x00000007bf300000,0x00000007bf300000,0x00000007bff00000)
 ParOldGen       total 87552K, used 15512K [0x0000000740000000, 0x0000000745580000, 0x0000000795580000)
  object space 87552K, 17% used [0x0000000740000000,0x0000000740f26220,0x0000000745580000)
 Metaspace       used 19358K, capacity 19531K, committed 19712K, reserved 1067008K
  class space    used 1916K, capacity 1984K, committed 2048K, reserved 1048576K
Event: 14.085 GC heap after
Heap after GC invocations=12 (full 0):
 PSYoungGen      total 410112K, used 3744K [0x0000000795580000, 0x00000007bf700000, 0x00000007c0000000)
  eden space 406016K, 0% used [0x0000000795580000,0x0000000795580000,0x00000007ae200000)
  from space 4096K, 91% used [0x00000007bf300000,0x00000007bf6a80e0,0x00000007bf700000)
  to   space 11776K, 0% used [0x00000007be000000,0x00000007be000000,0x00000007beb80000)
 ParOldGen       total 87552K, used 19728K [0x0000000740000000, 0x0000000745580000, 0x0000000795580000)
  object space 87552K, 22% used [0x0000000740000000,0x0000000741344380,0x0000000745580000)
 Metaspace       used 19358K, capacity 19531K, committed 19712K, reserved 1067008K
  class space    used 1916K, capacity 1984K, committed 2048K, reserved 1048576K
}
Event: 15.708 GC heap before
{Heap before GC invocations=13 (full 0):
 PSYoungGen      total 410112K, used 409760K [0x0000000795580000, 0x00000007bf700000, 0x00000007c0000000)
  eden space 406016K, 100% used [0x0000000795580000,0x00000007ae200000,0x00000007ae200000)
  from space 4096K, 91% used [0x00000007bf300000,0x00000007bf6a80e0,0x00000007bf700000)
  to   space 11776K, 0% used [0x00000007be000000,0x00000007be000000,0x00000007beb80000)
 ParOldGen       total 87552K, used 19728K [0x0000000740000000, 0x0000000745580000, 0x0000000795580000)
  object space 87552K, 22% used [0x0000000740000000,0x0000000741344380,0x0000000745580000)
 Metaspace       used 19405K, capacity 19595K, committed 19712K, reserved 1067008K
  class space    used 1916K, capacity 1984K, committed 2048K, reserved 1048576K
Event: 15.718 GC heap after
Heap after GC invocations=13 (full 0):
 PSYoungGen      total 392704K, used 5024K [0x0000000795580000, 0x00000007bf380000, 0x00000007c0000000)
  eden space 387584K, 0% used [0x0000000795580000,0x0000000795580000,0x00000007ad000000)
  from space 5120K, 98% used [0x00000007be000000,0x00000007be4e8130,0x00000007be500000)
  to   space 11264K, 0% used [0x00000007be880000,0x00000007be880000,0x00000007bf380000)
 ParOldGen       total 87552K, used 22313K [0x0000000740000000, 0x0000000745580000, 0x0000000795580000)
  object space 87552K, 25% used [0x0000000740000000,0x00000007415ca420,0x0000000745580000)
 Metaspace       used 19405K, capacity 19595K, committed 19712K, reserved 1067008K
  class space    used 1916K, capacity 1984K, committed 2048K, reserved 1048576K
}
Event: 17.306 GC heap before
{Heap before GC invocations=14 (full 0):
 PSYoungGen      total 392704K, used 392608K [0x0000000795580000, 0x00000007bf380000, 0x00000007c0000000)
  eden space 387584K, 100% used [0x0000000795580000,0x00000007ad000000,0x00000007ad000000)
  from space 5120K, 98% used [0x00000007be000000,0x00000007be4e8130,0x00000007be500000)
  to   space 11264K, 0% used [0x00000007be880000,0x00000007be880000,0x00000007bf380000)
 ParOldGen       total 87552K, used 22313K [0x0000000740000000, 0x0000000745580000, 0x0000000795580000)
  object space 87552K, 25% used [0x0000000740000000,0x00000007415ca420,0x0000000745580000)
 Metaspace       used 19460K, capacity 19659K, committed 19968K, reserved 1067008K
  class space    used 1918K, capacity 1984K, committed 2048K, reserved 1048576K
Event: 17.314 GC heap after
Heap after GC invocations=14 (full 0):
 PSYoungGen      total 372736K, used 2496K [0x0000000795580000, 0x00000007beb00000, 0x00000007c0000000)
  eden space 370176K, 0% used [0x0000000795580000,0x0000000795580000,0x00000007abf00000)
  from space 2560K, 97% used [0x00000007be880000,0x00000007beaf0090,0x00000007beb00000)
  to   space 10752K, 0% used [0x00000007bd600000,0x00000007bd600000,0x00000007be080000)
 ParOldGen       total 87552K, used 26697K [0x0000000740000000, 0x0000000745580000, 0x0000000795580000)
  object space 87552K, 30% used [0x0000000740000000,0x0000000741a12540,0x0000000745580000)
 Metaspace       used 19460K, capacity 19659K, committed 19968K, reserved 1067008K
  class space    used 1918K, capacity 1984K, committed 2048K, reserved 1048576K
}

