# JRE version: Java(TM) SE Runtime Environment (8.0_71-b15) (build 1.8.0_71-b15)
# Java VM: Java HotSpot(TM) 64-Bit Server VM (25.71-b15 mixed mode bsd-amd64 compressed oops)
Heap:
 PSYoungGen      total 439296K, used 380139K [0x0000000795580000, 0x00000007c0000000, 0x00000007c0000000)
  eden space 421376K, 89% used [0x0000000795580000,0x00000007ac5cac90,0x00000007af100000)
  from space 17920K, 16% used [0x00000007af100000,0x00000007af3f00b0,0x00000007b0280000)
  to   space 17920K, 0% used [0x00000007bee80000,0x00000007bee80000,0x00000007c0000000)
 ParOldGen       total 87552K, used 35257K [0x0000000740000000, 0x0000000745580000, 0x0000000795580000)
  object space 87552K, 40% used [0x0000000740000000,0x000000074226e790,0x0000000745580000)
 Metaspace       used 19517K, capacity 19703K, committed 19968K, reserved 1067008K
  class space    used 1926K, capacity 2016K, committed 2048K, reserved 1048576K
GC Heap History (10 events):
Event: 8.581 GC heap before
{Heap before GC invocations=7 (full 0):
 PSYoungGen      total 144896K, used 138259K [0x0000000795580000, 0x000000079ee80000, 0x00000007c0000000)
  eden space 133120K, 100% used [0x0000000795580000,0x000000079d780000,0x000000079d780000)
  from space 11776K, 43% used [0x000000079e300000,0x000000079e804d30,0x000000079ee80000)
  to   space 11776K, 0% used [0x000000079d780000,0x000000079d780000,0x000000079e300000)
 ParOldGen       total 87552K, used 11048K [0x0000000740000000, 0x0000000745580000, 0x0000000795580000)
  object space 87552K, 12% used [0x0000000740000000,0x0000000740aca240,0x0000000745580000)
 Metaspace       used 19054K, capacity 19277K, committed 19456K, reserved 1067008K
  class space    used 1915K, capacity 1983K, committed 2048K, reserved 1048576K
Event: 8.598 GC heap after
Heap after GC invocations=7 (full 0):
 PSYoungGen      total 144896K, used 1648K [0x0000000795580000, 0x00000007a7180000, 0x00000007c0000000)
  eden space 133120K, 0% used [0x0000000795580000,0x0000000795580000,0x000000079d780000)
  from space 11776K, 13% used [0x000000079d780000,0x000000079d91c0b0,0x000000079e300000)
  to   space 12288K, 0% used [0x00000007a6580000,0x00000007a6580000,0x00000007a7180000)
 ParOldGen       total 87552K, used 14800K [0x0000000740000000, 0x0000000745580000, 0x0000000795580000)
  object space 87552K, 16% used [0x0000000740000000,0x0000000740e741f0,0x0000000745580000)
 Metaspace       used 19054K, capacity 19277K, committed 19456K, reserved 1067008K
  class space    used 1915K, capacity 1983K, committed 2048K, reserved 1048576K
}
Event: 9.331 GC heap before
{Heap before GC invocations=8 (full 0):
 PSYoungGen      total 144896K, used 134768K [0x0000000795580000, 0x00000007a7180000, 0x00000007c0000000)
  eden space 133120K, 100% used [0x0000000795580000,0x000000079d780000,0x000000079d780000)
  from space 11776K, 13% used [0x000000079d780000,0x000000079d91c0b0,0x000000079e300000)
  to   space 12288K, 0% used [0x00000007a6580000,0x00000007a6580000,0x00000007a7180000)
 ParOldGen       total 87552K, used 14800K [0x0000000740000000, 0x0000000745580000, 0x0000000795580000)
  object space 87552K, 16% used [0x0000000740000000,0x0000000740e741f0,0x0000000745580000)
 Metaspace       used 19154K, capacity 19351K, committed 19456K, reserved 1067008K
  class space    used 1917K, capacity 1984K, committed 2048K, reserved 1048576K
Event: 9.337 GC heap after
Heap after GC invocations=8 (full 0):
 PSYoungGen      total 278528K, used 3232K [0x0000000795580000, 0x00000007a7180000, 0x00000007c0000000)
  eden space 266240K, 0% used [0x0000000795580000,0x0000000795580000,0x00000007a5980000)
  from space 12288K, 26% used [0x00000007a6580000,0x00000007a68a80c0,0x00000007a7180000)
  to   space 12288K, 0% used [0x00000007a5980000,0x00000007a5980000,0x00000007a6580000)
 ParOldGen       total 87552K, used 15872K [0x0000000740000000, 0x0000000745580000, 0x0000000795580000)
  object space 87552K, 18% used [0x0000000740000000,0x0000000740f802e0,0x0000000745580000)
 Metaspace       used 19154K, capacity 19351K, committed 19456K, reserved 1067008K
  class space    used 1917K, capacity 1984K, committed 2048K, reserved 1048576K
}
Event: 10.758 GC heap before
{Heap before GC invocations=9 (full 0):
 PSYoungGen      total 278528K, used 269472K [0x0000000795580000, 0x00000007a7180000, 0x00000007c0000000)
  eden space 266240K, 100% used [0x0000000795580000,0x00000007a5980000,0x00000007a5980000)
  from space 12288K, 26% used [0x00000007a6580000,0x00000007a68a80c0,0x00000007a7180000)
  to   space 12288K, 0% used [0x00000007a5980000,0x00000007a5980000,0x00000007a6580000)
 ParOldGen       total 87552K, used 15872K [0x0000000740000000, 0x0000000745580000, 0x0000000795580000)
  object space 87552K, 18% used [0x0000000740000000,0x0000000740f802e0,0x0000000745580000)
 Metaspace       used 19239K, capacity 19479K, committed 19712K, reserved 1067008K
  class space    used 1917K, capacity 1984K, committed 2048K, reserved 1048576K
Event: 10.787 GC heap after
Heap after GC invocations=9 (full 0):
 PSYoungGen      total 278528K, used 11008K [0x0000000795580000, 0x00000007b0f80000, 0x00000007c0000000)
  eden space 266240K, 0% used [0x0000000795580000,0x0000000795580000,0x00000007a5980000)
  from space 12288K, 89% used [0x00000007a5980000,0x00000007a64402a0,0x00000007a6580000)
  to   space 13312K, 0% used [0x00000007b0280000,0x00000007b0280000,0x00000007b0f80000)
 ParOldGen       total 87552K, used 16160K [0x0000000740000000, 0x0000000745580000, 0x0000000795580000)
  object space 87552K, 18% used [0x0000000740000000,0x0000000740fc82f0,0x0000000745580000)
 Metaspace       used 19239K, capacity 19479K, committed 19712K, reserved 1067008K
  class space    used 1917K, capacity 1984K, committed 2048K, reserved 1048576K
}
Event: 12.170 GC heap before
{Heap before GC invocations=10 (full 0):
 PSYoungGen      total 278528K, used 277248K [0x0000000795580000, 0x00000007b0f80000, 0x00000007c0000000)
  eden space 266240K, 100% used [0x0000000795580000,0x00000007a5980000,0x00000007a5980000)
  from space 12288K, 89% used [0x00000007a5980000,0x00000007a64402a0,0x00000007a6580000)
  to   space 13312K, 0% used [0x00000007b0280000,0x00000007b0280000,0x00000007b0f80000)
 ParOldGen       total 87552K, used 16160K [0x0000000740000000, 0x0000000745580000, 0x0000000795580000)
  object space 87552K, 18% used [0x0000000740000000,0x0000000740fc82f0,0x0000000745580000)
 Metaspace       used 19326K, capacity 19543K, committed 19712K, reserved 1067008K
  class space    used 1917K, capacity 1984K, committed 2048K, reserved 1048576K
Event: 12.196 GC heap after
Heap after GC invocations=10 (full 0):
 PSYoungGen      total 434688K, used 13280K [0x0000000795580000, 0x00000007b1880000, 0x00000007c0000000)
  eden space 421376K, 0% used [0x0000000795580000,0x0000000795580000,0x00000007af100000)
  from space 13312K, 99% used [0x00000007b0280000,0x00000007b0f78330,0x00000007b0f80000)
  to   space 17920K, 0% used [0x00000007af100000,0x00000007af100000,0x00000007b0280000)
 ParOldGen       total 87552K, used 23161K [0x0000000740000000, 0x0000000745580000, 0x0000000795580000)
  object space 87552K, 26% used [0x0000000740000000,0x000000074169e4a0,0x0000000745580000)
 Metaspace       used 19326K, capacity 19543K, committed 19712K, reserved 1067008K
  class space    used 1917K, capacity 1984K, committed 2048K, reserved 1048576K
}
Event: 14.227 GC heap before
{Heap before GC invocations=11 (full 0):
 PSYoungGen      total 434688K, used 434656K [0x0000000795580000, 0x00000007b1880000, 0x00000007c0000000)
  eden space 421376K, 100% used [0x0000000795580000,0x00000007af100000,0x00000007af100000)
  from space 13312K, 99% used [0x00000007b0280000,0x00000007b0f78330,0x00000007b0f80000)
  to   space 17920K, 0% used [0x00000007af100000,0x00000007af100000,0x00000007b0280000)
 ParOldGen       total 87552K, used 23161K [0x0000000740000000, 0x0000000745580000, 0x0000000795580000)
  object space 87552K, 26% used [0x0000000740000000,0x000000074169e4a0,0x0000000745580000)
 Metaspace       used 19417K, capacity 19607K, committed 19712K, reserved 1067008K
  class space    used 1917K, capacity 1984K, committed 2048K, reserved 1048576K
Event: 14.246 GC heap after
Heap after GC invocations=11 (full 0):
 PSYoungGen      total 439296K, used 3008K [0x0000000795580000, 0x00000007c0000000, 0x00000007c0000000)
  eden space 421376K, 0% used [0x0000000795580000,0x0000000795580000,0x00000007af100000)
  from space 17920K, 16% used [0x00000007af100000,0x00000007af3f00b0,0x00000007b0280000)
  to   space 17920K, 0% used [0x00000007bee80000,0x00000007bee80000,0x00000007c0000000)
 ParOldGen       total 87552K, used 35257K [0x0000000740000000, 0x0000000745580000, 0x0000000795580000)
  object space 87552K, 40% used [0x0000000740000000,0x000000074226e790,0x0000000745580000)
 Metaspace       used 19417K, capacity 19607K, committed 19712K, reserved 1067008K
  class space    used 1917K, capacity 1984K, committed 2048K, reserved 1048576K
}

